生成启动时间为 2016/3/28 14:55:34。
     1>项目“E:\云盘同步文件夹\毕业设计\程序\Cluster\Cluster\Cluster.vcxproj”在节点 2 上(rebuild 个目标)。
     1>_PrepareForClean:
         正在删除文件“Release\Cluster.lastbuildstate”。
       InitializeBuildStatus:
         正在对“Release\Cluster.unsuccessfulbuild”执行 Touch 任务。
       ClCompile:
         D:\Program Files\Microsoft Visual Studio 10.0\VC\bin\CL.exe /c /Zi /nologo /W3 /WX- /O2 /Oi /Oy- /GL /D WIN32 /D NDEBUG /D _CONSOLE /D _UNICODE /D UNICODE /Gm- /EHsc /MD /GS /Gy /fp:precise /Zc:wchar_t /Zc:forScope /Yc"StdAfx.h" /Fp"Release\Cluster.pch" /Fo"Release\\" /Fd"Release\vc100.pdb" /Gd /TP /analyze- /errorReport:prompt stdafx.cpp
         stdafx.cpp
         D:\Program Files\Microsoft Visual Studio 10.0\VC\bin\CL.exe /c /Zi /nologo /W3 /WX- /O2 /Oi /Oy- /GL /D WIN32 /D NDEBUG /D _CONSOLE /D _UNICODE /D UNICODE /Gm- /EHsc /MD /GS /Gy /fp:precise /Zc:wchar_t /Zc:forScope /Yu"StdAfx.h" /Fp"Release\Cluster.pch" /Fo"Release\\" /Fd"Release\vc100.pdb" /Gd /TP /analyze- /errorReport:prompt AlgorithmManage.cpp AlgorithmParameters.cpp Atom.cpp BaseTool.cpp BCGAAlgorithm.cpp BCGAClusters.cpp BCGAParameters.cpp BHBaseAlgorithm.cpp BHBaseClusters.cpp BHBaseParameters.cpp Cluster.cpp Clusters.cpp CrossOverTool.cpp DEBaseAlgorithm.cpp DEBaseClusters.cpp DEBaseParameters.cpp FSPotentialEnergy.cpp GABaseAlgorithm.cpp GABaseClusters.cpp GABaseParameters.cpp GuptaPotentialEnergy.cpp InitTool.cpp LJPotentialEnergy.cpp LocalTool.cpp MutateTool.cpp PotentialEnergy.cpp
         AlgorithmManage.cpp
         AlgorithmParameters.cpp
         Atom.cpp
         BaseTool.cpp
         BCGAAlgorithm.cpp
     1>e:\云盘同步文件夹\毕业设计\程序\cluster\cluster\BCGAAlgorithm.h(37): warning C4018: “<”: 有符号/无符号不匹配
     1>BCGAAlgorithm.cpp(102): warning C4018: “<”: 有符号/无符号不匹配
     1>BCGAAlgorithm.cpp(117): warning C4018: “<”: 有符号/无符号不匹配
     1>BCGAAlgorithm.cpp(231): warning C4018: “<”: 有符号/无符号不匹配
         BCGAClusters.cpp
         BCGAParameters.cpp
         BHBaseAlgorithm.cpp
         BHBaseClusters.cpp
         BHBaseParameters.cpp
         Cluster.cpp
     1>e:\云盘同步文件夹\毕业设计\程序\cluster\cluster\BCGAAlgorithm.h(37): warning C4018: “<”: 有符号/无符号不匹配
         Clusters.cpp
         CrossOverTool.cpp
         DEBaseAlgorithm.cpp
         DEBaseClusters.cpp
         DEBaseParameters.cpp
         FSPotentialEnergy.cpp
     1>FSPotentialEnergy.cpp(139): warning C4172: 返回局部变量或临时变量的地址
     1>FSPotentialEnergy.cpp(144): warning C4172: 返回局部变量或临时变量的地址
         GABaseAlgorithm.cpp
         GABaseClusters.cpp
         GABaseParameters.cpp
         正在编译...
         GuptaPotentialEnergy.cpp
     1>GuptaPotentialEnergy.cpp(155): warning C4172: 返回局部变量或临时变量的地址
     1>GuptaPotentialEnergy.cpp(174): warning C4172: 返回局部变量或临时变量的地址
         InitTool.cpp
         LJPotentialEnergy.cpp
         LocalTool.cpp
     1>LocalTool.cpp(2): fatal error C1083: 无法打开包括文件:“lbfgs.h”: No such file or directory
         MutateTool.cpp
         PotentialEnergy.cpp
     1>PotentialEnergy.cpp(26): warning C4172: 返回局部变量或临时变量的地址
     1>PotentialEnergy.cpp(28): warning C4172: 返回局部变量或临时变量的地址
     1>已完成生成项目“E:\云盘同步文件夹\毕业设计\程序\Cluster\Cluster\Cluster.vcxproj”(rebuild 个目标)的操作 - 失败。

生成失败。

已用时间 00:00:03.19
