E:\云盘同步文件夹\毕业设计\程序\CLUSTER\CLUSTER\RELEASE\ALGORITHMMANAGE.OBJ
E:\云盘同步文件夹\毕业设计\程序\CLUSTER\CLUSTER\RELEASE\ALGORITHMPARAMETERS.OBJ
E:\云盘同步文件夹\毕业设计\程序\CLUSTER\CLUSTER\RELEASE\ATOM.OBJ
E:\云盘同步文件夹\毕业设计\程序\CLUSTER\CLUSTER\RELEASE\BASETOOL.OBJ
E:\云盘同步文件夹\毕业设计\程序\CLUSTER\CLUSTER\RELEASE\BCGAALGORITHM.OBJ
E:\云盘同步文件夹\毕业设计\程序\CLUSTER\CLUSTER\RELEASE\BCGACLUSTERS.OBJ
E:\云盘同步文件夹\毕业设计\程序\CLUSTER\CLUSTER\RELEASE\BCGAPARAMETERS.OBJ
E:\云盘同步文件夹\毕业设计\程序\CLUSTER\CLUSTER\RELEASE\BHBASEALGORITHM.OBJ
E:\云盘同步文件夹\毕业设计\程序\CLUSTER\CLUSTER\RELEASE\BHBASECLUSTERS.OBJ
E:\云盘同步文件夹\毕业设计\程序\CLUSTER\CLUSTER\RELEASE\BHBASEPARAMETERS.OBJ
E:\云盘同步文件夹\毕业设计\程序\Cluster\Cluster\Release\cl.command.1.tlog
E:\云盘同步文件夹\毕业设计\程序\Cluster\Cluster\Release\CL.read.1.tlog
E:\云盘同步文件夹\毕业设计\程序\Cluster\Cluster\Release\CL.write.1.tlog
E:\云盘同步文件夹\毕业设计\程序\CLUSTER\CLUSTER\RELEASE\CLUSTER.OBJ
E:\云盘同步文件夹\毕业设计\程序\CLUSTER\CLUSTER\RELEASE\CLUSTER.PCH
E:\云盘同步文件夹\毕业设计\程序\Cluster\Cluster\Release\Cluster.write.1.tlog
E:\云盘同步文件夹\毕业设计\程序\CLUSTER\CLUSTER\RELEASE\CLUSTERS.OBJ
E:\云盘同步文件夹\毕业设计\程序\CLUSTER\CLUSTER\RELEASE\CROSSOVERTOOL.OBJ
E:\云盘同步文件夹\毕业设计\程序\CLUSTER\CLUSTER\RELEASE\DEBASEALGORITHM.OBJ
E:\云盘同步文件夹\毕业设计\程序\CLUSTER\CLUSTER\RELEASE\DEBASECLUSTERS.OBJ
E:\云盘同步文件夹\毕业设计\程序\CLUSTER\CLUSTER\RELEASE\DEBASEPARAMETERS.OBJ
E:\云盘同步文件夹\毕业设计\程序\CLUSTER\CLUSTER\RELEASE\FSPOTENTIALENERGY.OBJ
E:\云盘同步文件夹\毕业设计\程序\CLUSTER\CLUSTER\RELEASE\GABASEALGORITHM.OBJ
E:\云盘同步文件夹\毕业设计\程序\CLUSTER\CLUSTER\RELEASE\GABASECLUSTERS.OBJ
E:\云盘同步文件夹\毕业设计\程序\CLUSTER\CLUSTER\RELEASE\GABASEPARAMETERS.OBJ
E:\云盘同步文件夹\毕业设计\程序\CLUSTER\CLUSTER\RELEASE\GUPTAPOTENTIALENERGY.OBJ
E:\云盘同步文件夹\毕业设计\程序\CLUSTER\CLUSTER\RELEASE\INITTOOL.OBJ
E:\云盘同步文件夹\毕业设计\程序\CLUSTER\CLUSTER\RELEASE\LJPOTENTIALENERGY.OBJ
E:\云盘同步文件夹\毕业设计\程序\CLUSTER\CLUSTER\RELEASE\MUTATETOOL.OBJ
E:\云盘同步文件夹\毕业设计\程序\CLUSTER\CLUSTER\RELEASE\POTENTIALENERGY.OBJ
E:\云盘同步文件夹\毕业设计\程序\CLUSTER\CLUSTER\RELEASE\STDAFX.OBJ
E:\云盘同步文件夹\毕业设计\程序\CLUSTER\CLUSTER\RELEASE\VC100.PDB
