E:\学校\程序\GITHUB\CLUSTERS\CLUSTER\CLUSTER\DEBUG\ALGORITHMMANAGE.OBJ
E:\学校\程序\GITHUB\CLUSTERS\CLUSTER\CLUSTER\DEBUG\ALGORITHMPARAMETERS.OBJ
E:\学校\程序\GITHUB\CLUSTERS\CLUSTER\CLUSTER\DEBUG\ATOM.OBJ
E:\学校\程序\GITHUB\CLUSTERS\CLUSTER\CLUSTER\DEBUG\BASETOOL.OBJ
E:\学校\程序\GITHUB\CLUSTERS\CLUSTER\CLUSTER\DEBUG\BCGAALGORITHM.OBJ
E:\学校\程序\GITHUB\CLUSTERS\CLUSTER\CLUSTER\DEBUG\BCGACLUSTERS.OBJ
E:\学校\程序\GITHUB\CLUSTERS\CLUSTER\CLUSTER\DEBUG\BCGAPARAMETERS.OBJ
E:\学校\程序\GITHUB\CLUSTERS\CLUSTER\CLUSTER\DEBUG\BHBASEALGORITHM.OBJ
E:\学校\程序\GITHUB\CLUSTERS\CLUSTER\CLUSTER\DEBUG\BHBASECLUSTERS.OBJ
E:\学校\程序\GITHUB\CLUSTERS\CLUSTER\CLUSTER\DEBUG\BHBASEPARAMETERS.OBJ
E:\学校\程序\GitHub\Clusters\Cluster\Cluster\Debug\cl.command.1.tlog
E:\学校\程序\GitHub\Clusters\Cluster\Cluster\Debug\CL.read.1.tlog
E:\学校\程序\GitHub\Clusters\Cluster\Cluster\Debug\CL.write.1.tlog
E:\学校\程序\GITHUB\CLUSTERS\CLUSTER\CLUSTER\DEBUG\CLUSTER.EXE.EMBED.MANIFEST
E:\学校\程序\GITHUB\CLUSTERS\CLUSTER\CLUSTER\DEBUG\CLUSTER.EXE.EMBED.MANIFEST.RES
E:\学校\程序\GITHUB\CLUSTERS\CLUSTER\CLUSTER\DEBUG\CLUSTER.EXE.INTERMEDIATE.MANIFEST
E:\学校\程序\GITHUB\CLUSTERS\CLUSTER\CLUSTER\DEBUG\CLUSTER.OBJ
E:\学校\程序\GITHUB\CLUSTERS\CLUSTER\CLUSTER\DEBUG\CLUSTER.PCH
E:\学校\程序\GITHUB\CLUSTERS\CLUSTER\CLUSTER\DEBUG\CLUSTER.RES
E:\学校\程序\GitHub\Clusters\Cluster\Cluster\Debug\Cluster.write.1.tlog
E:\学校\程序\GitHub\Clusters\Cluster\Cluster\Debug\Cluster_manifest.rc
E:\学校\程序\GITHUB\CLUSTERS\CLUSTER\CLUSTER\DEBUG\CLUSTERPOOL.OBJ
E:\学校\程序\GITHUB\CLUSTERS\CLUSTER\CLUSTER\DEBUG\CLUSTERS.OBJ
E:\学校\程序\GITHUB\CLUSTERS\CLUSTER\CLUSTER\DEBUG\CROSSOVERTOOL.OBJ
E:\学校\程序\GITHUB\CLUSTERS\CLUSTER\CLUSTER\DEBUG\DEBASEALGORITHM.OBJ
E:\学校\程序\GITHUB\CLUSTERS\CLUSTER\CLUSTER\DEBUG\DEBASECLUSTERS.OBJ
E:\学校\程序\GITHUB\CLUSTERS\CLUSTER\CLUSTER\DEBUG\DEBASEPARAMETERS.OBJ
E:\学校\程序\GITHUB\CLUSTERS\CLUSTER\CLUSTER\DEBUG\FILETOOL.OBJ
E:\学校\程序\GITHUB\CLUSTERS\CLUSTER\CLUSTER\DEBUG\FSPOTENTIALENERGY.OBJ
E:\学校\程序\GITHUB\CLUSTERS\CLUSTER\CLUSTER\DEBUG\GABASEALGORITHM.OBJ
E:\学校\程序\GITHUB\CLUSTERS\CLUSTER\CLUSTER\DEBUG\GABASECLUSTERS.OBJ
E:\学校\程序\GITHUB\CLUSTERS\CLUSTER\CLUSTER\DEBUG\GABASEPARAMETERS.OBJ
E:\学校\程序\GITHUB\CLUSTERS\CLUSTER\CLUSTER\DEBUG\GUPTAPOTENTIALENERGY.OBJ
E:\学校\程序\GITHUB\CLUSTERS\CLUSTER\CLUSTER\DEBUG\INFOMODEL.OBJ
E:\学校\程序\GITHUB\CLUSTERS\CLUSTER\CLUSTER\DEBUG\INITTOOL.OBJ
E:\学校\程序\GitHub\Clusters\Cluster\Cluster\Debug\link.18688.read.1.tlog
E:\学校\程序\GitHub\Clusters\Cluster\Cluster\Debug\link.18688.write.1.tlog
E:\学校\程序\GitHub\Clusters\Cluster\Cluster\Debug\link.18688-cvtres.read.1.tlog
E:\学校\程序\GitHub\Clusters\Cluster\Cluster\Debug\link.18688-cvtres.write.1.tlog
E:\学校\程序\GitHub\Clusters\Cluster\Cluster\Debug\link.command.1.tlog
E:\学校\程序\GitHub\Clusters\Cluster\Cluster\Debug\link.read.1.tlog
E:\学校\程序\GitHub\Clusters\Cluster\Cluster\Debug\link.write.1.tlog
E:\学校\程序\GitHub\Clusters\Cluster\Cluster\Debug\link-cvtres.read.1.tlog
E:\学校\程序\GitHub\Clusters\Cluster\Cluster\Debug\link-cvtres.write.1.tlog
E:\学校\程序\GITHUB\CLUSTERS\CLUSTER\CLUSTER\DEBUG\LJPOTENTIALENERGY.OBJ
E:\学校\程序\GITHUB\CLUSTERS\CLUSTER\CLUSTER\DEBUG\LOCALTOOL.OBJ
E:\学校\程序\GitHub\Clusters\Cluster\Cluster\Debug\mt.command.1.tlog
E:\学校\程序\GitHub\Clusters\Cluster\Cluster\Debug\mt.read.1.tlog
E:\学校\程序\GitHub\Clusters\Cluster\Cluster\Debug\mt.write.1.tlog
E:\学校\程序\GITHUB\CLUSTERS\CLUSTER\CLUSTER\DEBUG\MUTATETOOL.OBJ
E:\学校\程序\GITHUB\CLUSTERS\CLUSTER\CLUSTER\DEBUG\POPULATIONPOOL.OBJ
E:\学校\程序\GITHUB\CLUSTERS\CLUSTER\CLUSTER\DEBUG\POTENTIALENERGY.OBJ
E:\学校\程序\GITHUB\CLUSTERS\CLUSTER\CLUSTER\DEBUG\PROPERTYTOOL.OBJ
E:\学校\程序\GitHub\Clusters\Cluster\Cluster\Debug\rc.command.1.tlog
E:\学校\程序\GitHub\Clusters\Cluster\Cluster\Debug\rc.read.1.tlog
E:\学校\程序\GitHub\Clusters\Cluster\Cluster\Debug\rc.write.1.tlog
E:\学校\程序\GITHUB\CLUSTERS\CLUSTER\CLUSTER\DEBUG\STDAFX.OBJ
E:\学校\程序\GitHub\Clusters\Cluster\Cluster\Debug\vc100.idb
E:\学校\程序\GITHUB\CLUSTERS\CLUSTER\CLUSTER\DEBUG\VC100.PDB
E:\学校\程序\GITHUB\CLUSTERS\CLUSTER\DEBUG\CLUSTER.EXE
E:\学校\程序\GITHUB\CLUSTERS\CLUSTER\DEBUG\CLUSTER.ILK
E:\学校\程序\GITHUB\CLUSTERS\CLUSTER\DEBUG\CLUSTER.PDB
