生成启动时间为 2016/4/9 23:36:25。
     1>项目“E:\云盘同步文件夹\毕业设计\程序\Cluster\Cluster\Cluster.vcxproj”在节点 2 上(rebuild 个目标)。
     1>_PrepareForClean:
         正在删除文件“Debug\Cluster.lastbuildstate”。
       InitializeBuildStatus:
         正在创建“Debug\Cluster.unsuccessfulbuild”，因为已指定“AlwaysCreate”。
       ClCompile:
         D:\Program Files\Microsoft Visual Studio 10.0\VC\bin\CL.exe /c /I"E:\云盘同步文件夹\毕业设计\程序\Cluster\include" /ZI /nologo /W3 /WX- /Od /Oy- /D WIN32 /D _DEBUG /D _CONSOLE /D _UNICODE /D UNICODE /Gm /EHsc /RTC1 /MDd /GS /fp:precise /Zc:wchar_t /Zc:forScope /Yc"StdAfx.h" /Fp"Debug\Cluster.pch" /Fo"Debug\\" /Fd"Debug\vc100.pdb" /Gd /TP /analyze- /errorReport:prompt stdafx.cpp
         stdafx.cpp
         D:\Program Files\Microsoft Visual Studio 10.0\VC\bin\CL.exe /c /I"E:\云盘同步文件夹\毕业设计\程序\Cluster\include" /ZI /nologo /W3 /WX- /Od /Oy- /D WIN32 /D _DEBUG /D _CONSOLE /D _UNICODE /D UNICODE /Gm /EHsc /RTC1 /MDd /GS /fp:precise /Zc:wchar_t /Zc:forScope /Yu"StdAfx.h" /Fp"Debug\Cluster.pch" /Fo"Debug\\" /Fd"Debug\vc100.pdb" /Gd /TP /analyze- /errorReport:prompt AlgorithmManage.cpp AlgorithmParameters.cpp Atom.cpp BaseTool.cpp BCGAAlgorithm.cpp BCGAClusters.cpp BCGAParameters.cpp BHBaseAlgorithm.cpp BHBaseClusters.cpp BHBaseParameters.cpp Cluster.cpp ClusterPool.cpp Clusters.cpp CrossOverTool.cpp DEBaseAlgorithm.cpp DEBaseClusters.cpp DEBaseParameters.cpp FileTool.cpp FSPotentialEnergy.cpp GABaseAlgorithm.cpp GABaseClusters.cpp GABaseParameters.cpp GuptaPotentialEnergy.cpp InfoModel.cpp InitTool.cpp LJPotentialEnergy.cpp LocalTool.cpp MutateTool.cpp PopulationPool.cpp PotentialEnergy.cpp PropertyTool.cpp
         PropertyTool.cpp
         PotentialEnergy.cpp
     1>e:\云盘同步文件夹\毕业设计\程序\cluster\cluster\potentialenergy.cpp(26): warning C4172: 返回局部变量或临时变量的地址
     1>e:\云盘同步文件夹\毕业设计\程序\cluster\cluster\potentialenergy.cpp(28): warning C4172: 返回局部变量或临时变量的地址
         PopulationPool.cpp
         MutateTool.cpp
         LocalTool.cpp
         LJPotentialEnergy.cpp
         InitTool.cpp
         InfoModel.cpp
         GuptaPotentialEnergy.cpp
     1>e:\云盘同步文件夹\毕业设计\程序\cluster\cluster\guptapotentialenergy.cpp(155): warning C4172: 返回局部变量或临时变量的地址
     1>e:\云盘同步文件夹\毕业设计\程序\cluster\cluster\guptapotentialenergy.cpp(174): warning C4172: 返回局部变量或临时变量的地址
         GABaseParameters.cpp
         GABaseClusters.cpp
         GABaseAlgorithm.cpp
         FSPotentialEnergy.cpp
     1>e:\云盘同步文件夹\毕业设计\程序\cluster\cluster\fspotentialenergy.cpp(139): warning C4172: 返回局部变量或临时变量的地址
     1>e:\云盘同步文件夹\毕业设计\程序\cluster\cluster\fspotentialenergy.cpp(144): warning C4172: 返回局部变量或临时变量的地址
         FileTool.cpp
     1>e:\云盘同步文件夹\毕业设计\程序\cluster\cluster\filetool.cpp(32): warning C4996: 'mkdir': The POSIX name for this item is deprecated. Instead, use the ISO C++ conformant name: _mkdir. See online help for details.
                 d:\program files\microsoft visual studio 10.0\vc\include\direct.h(124) : 参见“mkdir”的声明
     1>e:\云盘同步文件夹\毕业设计\程序\cluster\cluster\filetool.cpp(56): warning C4018: “<”: 有符号/无符号不匹配
     1>e:\云盘同步文件夹\毕业设计\程序\cluster\cluster\filetool.cpp(74): warning C4996: 'sprintf': This function or variable may be unsafe. Consider using sprintf_s instead. To disable deprecation, use _CRT_SECURE_NO_WARNINGS. See online help for details.
                 d:\program files\microsoft visual studio 10.0\vc\include\stdio.h(371) : 参见“sprintf”的声明
     1>e:\云盘同步文件夹\毕业设计\程序\cluster\cluster\filetool.cpp(85): warning C4018: “<”: 有符号/无符号不匹配
     1>e:\云盘同步文件夹\毕业设计\程序\cluster\cluster\filetool.cpp(87): warning C4996: 'sprintf': This function or variable may be unsafe. Consider using sprintf_s instead. To disable deprecation, use _CRT_SECURE_NO_WARNINGS. See online help for details.
                 d:\program files\microsoft visual studio 10.0\vc\include\stdio.h(371) : 参见“sprintf”的声明
         DEBaseParameters.cpp
         DEBaseClusters.cpp
         DEBaseAlgorithm.cpp
         CrossOverTool.cpp
         Clusters.cpp
         ClusterPool.cpp
         正在生成代码...
     1>e:\云盘同步文件夹\毕业设计\程序\cluster\cluster\clusterpool.cpp(59): warning C4715: “ClusterPool::GetCluster”: 不是所有的控件路径都返回值
     1>e:\云盘同步文件夹\毕业设计\程序\cluster\cluster\potentialenergy.cpp(39): warning C4715: “PE_EnergyTypeName”: 不是所有的控件路径都返回值
         正在编译...
         Cluster.cpp
         BHBaseParameters.cpp
         BHBaseClusters.cpp
         BHBaseAlgorithm.cpp
         BCGAParameters.cpp
         BCGAClusters.cpp
         BCGAAlgorithm.cpp
     1>e:\云盘同步文件夹\毕业设计\程序\cluster\cluster\bcgaalgorithm.cpp(99): warning C4018: “<”: 有符号/无符号不匹配
     1>e:\云盘同步文件夹\毕业设计\程序\cluster\cluster\bcgaalgorithm.cpp(395): warning C4018: “<”: 有符号/无符号不匹配
     1>e:\云盘同步文件夹\毕业设计\程序\cluster\cluster\bcgaalgorithm.cpp(543): warning C4018: “<”: 有符号/无符号不匹配
     1>e:\云盘同步文件夹\毕业设计\程序\cluster\cluster\bcgaalgorithm.cpp(568): warning C4018: “<”: 有符号/无符号不匹配
         BaseTool.cpp
         Atom.cpp
         AlgorithmParameters.cpp
         AlgorithmManage.cpp
         正在生成代码...
     1>e:\云盘同步文件夹\毕业设计\程序\cluster\cluster\atom.cpp(68): warning C4715: “AtomTypeName”: 不是所有的控件路径都返回值
       ResourceCompile:
         C:\Program Files\Microsoft SDKs\Windows\v7.0A\bin\rc.exe /D _UNICODE /D UNICODE /l"0x0409" /nologo /fo"Debug\Cluster.res" Cluster.rc 
       ManifestResourceCompile:
         C:\Program Files\Microsoft SDKs\Windows\v7.0A\bin\rc.exe /nologo /fo"Debug\Cluster.exe.embed.manifest.res" Debug\Cluster_manifest.rc 
       Link:
         D:\Program Files\Microsoft Visual Studio 10.0\VC\bin\link.exe /ERRORREPORT:PROMPT /OUT:"E:\云盘同步文件夹\毕业设计\程序\Cluster\Debug\Cluster.exe" /INCREMENTAL /NOLOGO kernel32.lib user32.lib gdi32.lib winspool.lib comdlg32.lib advapi32.lib shell32.lib ole32.lib oleaut32.lib uuid.lib odbc32.lib odbccp32.lib /MANIFEST /ManifestFile:"Debug\Cluster.exe.intermediate.manifest" /MANIFESTUAC:"level='asInvoker' uiAccess='false'" /DEBUG /PDB:"E:\云盘同步文件夹\毕业设计\程序\Cluster\Debug\Cluster.pdb" /SUBSYSTEM:CONSOLE /TLBID:1 /DYNAMICBASE /NXCOMPAT /IMPLIB:"E:\云盘同步文件夹\毕业设计\程序\Cluster\Debug\Cluster.lib" /MACHINE:X86 Debug\Cluster.res
         Debug\Cluster.exe.embed.manifest.res
         Debug\AlgorithmManage.obj
         Debug\AlgorithmParameters.obj
         Debug\Atom.obj
         Debug\BaseTool.obj
         Debug\BCGAAlgorithm.obj
         Debug\BCGAClusters.obj
         Debug\BCGAParameters.obj
         Debug\BHBaseAlgorithm.obj
         Debug\BHBaseClusters.obj
         Debug\BHBaseParameters.obj
         Debug\Cluster.obj
         Debug\ClusterPool.obj
         Debug\Clusters.obj
         Debug\CrossOverTool.obj
         Debug\DEBaseAlgorithm.obj
         Debug\DEBaseClusters.obj
         Debug\DEBaseParameters.obj
         Debug\FileTool.obj
         Debug\FSPotentialEnergy.obj
         Debug\GABaseAlgorithm.obj
         Debug\GABaseClusters.obj
         Debug\GABaseParameters.obj
         Debug\GuptaPotentialEnergy.obj
         Debug\InfoModel.obj
         Debug\InitTool.obj
         Debug\LJPotentialEnergy.obj
         Debug\LocalTool.obj
         Debug\MutateTool.obj
         Debug\PopulationPool.obj
         Debug\PotentialEnergy.obj
         Debug\PropertyTool.obj
         Debug\stdafx.obj
         "E:\云盘同步文件夹\毕业设计\程序\Cluster\Debug\Cluster_debug.lib"
       Manifest:
         正在删除文件“Debug\Cluster.exe.embed.manifest”。
         C:\Program Files\Microsoft SDKs\Windows\v7.0A\bin\mt.exe /nologo /verbose /out:"Debug\Cluster.exe.embed.manifest" /manifest Debug\Cluster.exe.intermediate.manifest
         C:\Program Files\Microsoft SDKs\Windows\v7.0A\bin\rc.exe /nologo /fo"Debug\Cluster.exe.embed.manifest.res" Debug\Cluster_manifest.rc 
       LinkEmbedManifest:
         D:\Program Files\Microsoft Visual Studio 10.0\VC\bin\link.exe /ERRORREPORT:PROMPT /OUT:"E:\云盘同步文件夹\毕业设计\程序\Cluster\Debug\Cluster.exe" /INCREMENTAL /NOLOGO kernel32.lib user32.lib gdi32.lib winspool.lib comdlg32.lib advapi32.lib shell32.lib ole32.lib oleaut32.lib uuid.lib odbc32.lib odbccp32.lib /MANIFEST /ManifestFile:"Debug\Cluster.exe.intermediate.manifest" /MANIFESTUAC:"level='asInvoker' uiAccess='false'" /DEBUG /PDB:"E:\云盘同步文件夹\毕业设计\程序\Cluster\Debug\Cluster.pdb" /SUBSYSTEM:CONSOLE /TLBID:1 /DYNAMICBASE /NXCOMPAT /IMPLIB:"E:\云盘同步文件夹\毕业设计\程序\Cluster\Debug\Cluster.lib" /MACHINE:X86 Debug\Cluster.res
         Debug\Cluster.exe.embed.manifest.res
         Debug\AlgorithmManage.obj
         Debug\AlgorithmParameters.obj
         Debug\Atom.obj
         Debug\BaseTool.obj
         Debug\BCGAAlgorithm.obj
         Debug\BCGAClusters.obj
         Debug\BCGAParameters.obj
         Debug\BHBaseAlgorithm.obj
         Debug\BHBaseClusters.obj
         Debug\BHBaseParameters.obj
         Debug\Cluster.obj
         Debug\ClusterPool.obj
         Debug\Clusters.obj
         Debug\CrossOverTool.obj
         Debug\DEBaseAlgorithm.obj
         Debug\DEBaseClusters.obj
         Debug\DEBaseParameters.obj
         Debug\FileTool.obj
         Debug\FSPotentialEnergy.obj
         Debug\GABaseAlgorithm.obj
         Debug\GABaseClusters.obj
         Debug\GABaseParameters.obj
         Debug\GuptaPotentialEnergy.obj
         Debug\InfoModel.obj
         Debug\InitTool.obj
         Debug\LJPotentialEnergy.obj
         Debug\LocalTool.obj
         Debug\MutateTool.obj
         Debug\PopulationPool.obj
         Debug\PotentialEnergy.obj
         Debug\PropertyTool.obj
         Debug\stdafx.obj
         "E:\云盘同步文件夹\毕业设计\程序\Cluster\Debug\Cluster_debug.lib"
         Cluster.vcxproj -> E:\云盘同步文件夹\毕业设计\程序\Cluster\Debug\Cluster.exe
       FinalizeBuildStatus:
         正在删除文件“Debug\Cluster.unsuccessfulbuild”。
         正在对“Debug\Cluster.lastbuildstate”执行 Touch 任务。
     1>已完成生成项目“E:\云盘同步文件夹\毕业设计\程序\Cluster\Cluster\Cluster.vcxproj”(rebuild 个目标)的操作。

生成成功。

已用时间 00:00:13.50
